Extracting /tmp/tensorflow/mnist/input_data/train-images-idx3-ubyte.gz
Extracting /tmp/tensorflow/mnist/input_data/train-labels-idx1-ubyte.gz
Extracting /tmp/tensorflow/mnist/input_data/t10k-images-idx3-ubyte.gz
Extracting /tmp/tensorflow/mnist/input_data/t10k-labels-idx1-ubyte.gz
Training Accuracy at step 0: 0.73
Training Accuracy at step 1: 0.78625
Training Accuracy at step 2: 0.8075
Training Accuracy at step 3: 0.8525
Training Accuracy at step 4: 0.8625
Training Accuracy at step 5: 0.89125
Training Accuracy at step 6: 0.88
Training Accuracy at step 7: 0.87625
Training Accuracy at step 8: 0.91
Training Accuracy at step 9: 0.88875
Training Accuracy at step 10: 0.90375
Training Accuracy at step 11: 0.91
Training Accuracy at step 12: 0.9475
Training Accuracy at step 13: 0.92625
Training Accuracy at step 14: 0.92625
Training Accuracy at step 15: 0.895
Training Accuracy at step 16: 0.925
Training Accuracy at step 17: 0.9175
Training Accuracy at step 18: 0.925
Training Accuracy at step 19: 0.91875
Training Accuracy at step 20: 0.90875
Training Accuracy at step 21: 0.94
Training Accuracy at step 22: 0.91375
Training Accuracy at step 23: 0.9425
Training Accuracy at step 24: 0.92375
Training Accuracy at step 25: 0.92
Training Accuracy at step 26: 0.92625
Training Accuracy at step 27: 0.92125
Training Accuracy at step 28: 0.9025
Training Accuracy at step 29: 0.93875
Training Accuracy at step 30: 0.93625
Training Accuracy at step 31: 0.91125
Training Accuracy at step 32: 0.92125
Training Accuracy at step 33: 0.93375
Training Accuracy at step 34: 0.95375
Training Accuracy at step 35: 0.92375
Training Accuracy at step 36: 0.9625
Training Accuracy at step 37: 0.91625
Training Accuracy at step 38: 0.95625
Training Accuracy at step 39: 0.940416667461
Training Accuracy at step 40: 0.96375
Training Accuracy at step 41: 0.93
Training Accuracy at step 42: 0.95125
Training Accuracy at step 43: 0.9375
Training Accuracy at step 44: 0.9425
Training Accuracy at step 45: 0.945
Training Accuracy at step 46: 0.93625
Training Accuracy at step 47: 0.955
Training Accuracy at step 48: 0.955
Training Accuracy at step 49: 0.9275
Training Accuracy at step 50: 0.915
Training Accuracy at step 51: 0.96375
Training Accuracy at step 52: 0.945
Training Accuracy at step 53: 0.9475
Training Accuracy at step 54: 0.92
Training Accuracy at step 55: 0.95875
Training Accuracy at step 56: 0.93875
Training Accuracy at step 57: 0.9475
Training Accuracy at step 58: 0.9775
Training Accuracy at step 59: 0.96125
Training Accuracy at step 60: 0.9775
Training Accuracy at step 61: 0.965
Training Accuracy at step 62: 0.9375
Training Accuracy at step 63: 0.93875
Training Accuracy at step 64: 0.9675
Training Accuracy at step 65: 0.9275
Training Accuracy at step 66: 0.9775
Training Accuracy at step 67: 0.93875
Training Accuracy at step 68: 0.97
Training Accuracy at step 69: 0.95
Training Accuracy at step 70: 0.93875
Training Accuracy at step 71: 0.9625
Training Accuracy at step 72: 0.96375
Training Accuracy at step 73: 0.94375
Training Accuracy at step 74: 0.97
Training Accuracy at step 75: 0.9775
Training Accuracy at step 76: 0.95125
Training Accuracy at step 77: 0.98125
Training Accuracy at step 78: 0.96875
Training Accuracy at step 79: 0.9875
Training Accuracy at step 80: 0.97
Training Accuracy at step 81: 0.965
Training Accuracy at step 82: 0.97125
Training Accuracy at step 83: 0.96125
Training Accuracy at step 84: 0.985
Training Accuracy at step 85: 0.96375
Training Accuracy at step 86: 0.97
Training Accuracy at step 87: 0.93875
Training Accuracy at step 88: 0.99125
Training Accuracy at step 89: 0.95625
Training Accuracy at step 90: 0.985
Training Accuracy at step 91: 0.963333333731
Training Accuracy at step 92: 0.985
Training Accuracy at step 93: 0.98625
Training Accuracy at step 94: 0.98875
Training Accuracy at step 95: 0.97375
Training Accuracy at step 96: 0.9475
Training Accuracy at step 97: 0.9925
Training Accuracy at step 98: 0.95
Training Accuracy at step 99: 0.97375
Training Accuracy at step 100: 0.97875
Training Accuracy at step 101: 0.95625
Training Accuracy at ste